<?xml version="1.0" encoding="UTF-8"?>
<!-- Generated by org.testng.reporters.JUnitReportReporter -->
<testsuite hostname="NIT-LPT-R289" failures="0" tests="1" name="seleniumd.Jenkinsdemo" time="19.493" errors="0" timestamp="2021-08-11T11:30:18 IST" skipped="0">
  <testcase classname="seleniumd.Jenkinsdemo" name="jenkins" time="19.493"/>
  <system-out/>
</testsuite> <!-- seleniumd.Jenkinsdemo -->
